<?xml version="1.0" encoding="UTF-8"?>
<!-- Generated by org.testng.reporters.JUnitReportReporter -->
<testsuite hostname="LAPTOP-B5DT44ER" failures="0" tests="3" name="Test_Scenarios.Test_Methods_GoogleSearch" time="16.269" errors="0" timestamp="2023-05-24T16:17:00 IST" skipped="0">
  <testcase classname="Test_Scenarios.Test_Methods_GoogleSearch" name="SearchOperation" time="4.196"/>
  <system-out/>
  <testcase classname="Test_Scenarios.Test_Methods_GoogleSearch" name="VerifyandAccessFacebook" time="6.453"/>
  <system-out/>
  <testcase classname="Test_Scenarios.Test_Methods_GoogleSearch" name="VerifyLoginfunctionality" time="5.620"/>
  <system-out/>
</testsuite> <!-- Test_Scenarios.Test_Methods_GoogleSearch -->
