<?xml version="1.0" encoding="UTF-8"?>
<!-- Generated by org.testng.reporters.JUnitReportReporter -->
<testsuite hostname="LAPTOP-B5DT44ER" failures="0" tests="3" name="Test_Scenarios.Test_Methods_GoogleSearch" time="23.521" errors="0" timestamp="2023-06-06T17:41:28 IST" skipped="0">
  <testcase classname="Test_Scenarios.Test_Methods_GoogleSearch" name="SearchOperation" time="13.176"/>
  <system-out/>
  <testcase classname="Test_Scenarios.Test_Methods_GoogleSearch" name="VerifyandAccessFacebook" time="5.475"/>
  <system-out/>
  <testcase classname="Test_Scenarios.Test_Methods_GoogleSearch" name="VerifyLoginfunctionality" time="4.870"/>
  <system-out/>
</testsuite> <!-- Test_Scenarios.Test_Methods_GoogleSearch -->
